<?xml version="1.0" encoding="UTF-8"?>
<!-- Generated by org.testng.reporters.JUnitReportReporter -->
<testsuite hostname="Anirudhs-MacBook-Pro.local" failures="0" tests="1" name="org.testing.TestScripts.TC3" time="15.112" errors="0" timestamp="2021-12-19T01:31:58 IST" skipped="0">
  <testcase classname="org.testing.TestScripts.TC3" name="TC_03" time="15.112"/>
  <system-out/>
</testsuite> <!-- org.testing.TestScripts.TC3 -->
