<?xml version="1.0" encoding="UTF-8"?>
<!-- Generated by org.testng.reporters.JUnitReportReporter -->
<testsuite hostname="Anirudhs-MacBook-Pro.local" failures="0" tests="1" name="org.testing.TestScripts.TC1" time="41.072" errors="0" timestamp="2022-09-12T13:11:56 IST" skipped="0">
  <testcase classname="org.testing.TestScripts.TC1" name="TC_01" time="41.072"/>
  <system-out/>
</testsuite> <!-- org.testing.TestScripts.TC1 -->
