<?xml version="1.0" encoding="UTF-8"?>
<!-- Generated by org.testng.reporters.JUnitReportReporter -->
<testsuite hostname="Anirudhs-MacBook-Pro.local" failures="0" tests="1" name="org.testing.TestScripts.TC7" time="17.453" errors="0" timestamp="2021-12-19T01:31:58 IST" skipped="0">
  <testcase classname="org.testing.TestScripts.TC7" name="TC_07" time="17.453"/>
  <system-out/>
</testsuite> <!-- org.testing.TestScripts.TC7 -->
