<?xml version="1.0" encoding="UTF-8"?>
<!-- Generated by org.testng.reporters.JUnitReportReporter -->
<testsuite hostname="Anirudhs-MacBook-Pro.local" failures="0" tests="1" name="org.testing.TestScripts.TC3" time="111.771" errors="0" timestamp="2021-12-11T23:42:03 IST" skipped="0">
  <testcase classname="org.testing.TestScripts.TC3" name="TC_03" time="111.771"/>
  <system-out/>
</testsuite> <!-- org.testing.TestScripts.TC3 -->
