<?xml version="1.0" encoding="UTF-8"?>
<!-- Generated by org.testng.reporters.JUnitReportReporter -->
<testsuite hostname="Anirudhs-MacBook-Pro.local" failures="0" tests="1" name="org.testing.TestScripts.TC8" time="18.748" errors="0" timestamp="2021-12-19T01:31:58 IST" skipped="0">
  <testcase classname="org.testing.TestScripts.TC8" name="TC_08" time="18.748"/>
  <system-out/>
</testsuite> <!-- org.testing.TestScripts.TC8 -->
