<?xml version="1.0" encoding="UTF-8"?>
<!-- Generated by org.testng.reporters.JUnitReportReporter -->
<testsuite hostname="Anirudhs-MacBook-Pro.local" failures="0" tests="1" name="org.testing.TestScripts.TC6" time="82.131" errors="0" timestamp="2021-12-18T14:41:23 IST" skipped="0">
  <testcase classname="org.testing.TestScripts.TC6" name="TC_06" time="82.131"/>
  <system-out/>
</testsuite> <!-- org.testing.TestScripts.TC6 -->
